{"/Users/emre/Documents/covid-world/src/App.jsx": {"path":"/Users/emre/Documents/covid-world/src/App.jsx","statementMap":{"0":{"start":{"line":5,"column":2},"end":{"line":5,"column":22}}},"fnMap":{"0":{"name":"App","decl":{"start":{"line":4,"column":9},"end":{"line":4,"column":12}},"loc":{"start":{"line":4,"column":15},"end":{"line":6,"column":1}},"line":4}},"branchMap":{},"s":{"0":0},"f":{"0":0},"b":{}}
,"/Users/emre/Documents/covid-world/src/main.jsx": {"path":"/Users/emre/Documents/covid-world/src/main.jsx","statementMap":{"0":{"start":{"line":10,"column":15},"end":{"line":19,"column":2}},"1":{"start":{"line":21,"column":0},"end":{"line":29,"column":2}}},"fnMap":{},"branchMap":{},"s":{"0":0,"1":0},"f":{},"b":{}}
,"/Users/emre/Documents/covid-world/src/services.js": {"path":"/Users/emre/Documents/covid-world/src/services.js","statementMap":{"0":{"start":{"line":1,"column":36},"end":{"line":19,"column":1}},"1":{"start":{"line":2,"column":18},"end":{"line":8,"column":3}},"2":{"start":{"line":10,"column":19},"end":{"line":13,"column":3}},"3":{"start":{"line":15,"column":23},"end":{"line":15,"column":44}},"4":{"start":{"line":17,"column":17},"end":{"line":17,"column":47}},"5":{"start":{"line":18,"column":2},"end":{"line":18,"column":16}},"6":{"start":{"line":21,"column":34},"end":{"line":36,"column":1}},"7":{"start":{"line":22,"column":18},"end":{"line":28,"column":3}},"8":{"start":{"line":30,"column":19},"end":{"line":33,"column":3}},"9":{"start":{"line":35,"column":2},"end":{"line":35,"column":25}},"10":{"start":{"line":38,"column":32},"end":{"line":51,"column":1}},"11":{"start":{"line":39,"column":17},"end":{"line":49,"column":8}},"12":{"start":{"line":40,"column":4},"end":{"line":47,"column":5}},"13":{"start":{"line":41,"column":6},"end":{"line":41,"column":64}},"14":{"start":{"line":42,"column":6},"end":{"line":42,"column":58}},"15":{"start":{"line":44,"column":6},"end":{"line":44,"column":38}},"16":{"start":{"line":45,"column":6},"end":{"line":45,"column":63}},"17":{"start":{"line":46,"column":6},"end":{"line":46,"column":57}},"18":{"start":{"line":48,"column":4},"end":{"line":48,"column":21}},"19":{"start":{"line":50,"column":2},"end":{"line":50,"column":16}}},"fnMap":{"0":{"name":"(anonymous_0)","decl":{"start":{"line":1,"column":36},"end":{"line":1,"column":37}},"loc":{"start":{"line":1,"column":48},"end":{"line":19,"column":1}},"line":1},"1":{"name":"(anonymous_1)","decl":{"start":{"line":21,"column":34},"end":{"line":21,"column":35}},"loc":{"start":{"line":21,"column":57},"end":{"line":36,"column":1}},"line":21},"2":{"name":"(anonymous_2)","decl":{"start":{"line":38,"column":32},"end":{"line":38,"column":33}},"loc":{"start":{"line":38,"column":47},"end":{"line":51,"column":1}},"line":38},"3":{"name":"(anonymous_3)","decl":{"start":{"line":39,"column":34},"end":{"line":39,"column":35}},"loc":{"start":{"line":39,"column":58},"end":{"line":49,"column":3}},"line":39}},"branchMap":{"0":{"loc":{"start":{"line":40,"column":4},"end":{"line":47,"column":5}},"type":"if","locations":[{"start":{"line":40,"column":4},"end":{"line":47,"column":5}},{"start":{"line":43,"column":11},"end":{"line":47,"column":5}}],"line":40}},"s":{"0":0,"1":0,"2":0,"3":0,"4":0,"5":0,"6":0,"7":0,"8":0,"9":0,"10":0,"11":0,"12":0,"13":0,"14":0,"15":0,"16":0,"17":0,"18":0,"19":0},"f":{"0":0,"1":0,"2":0,"3":0},"b":{"0":[0,0]}}
,"/Users/emre/Documents/covid-world/src/utils.js": {"path":"/Users/emre/Documents/covid-world/src/utils.js","statementMap":{"0":{"start":{"line":1,"column":26},"end":{"line":5,"column":1}},"1":{"start":{"line":2,"column":2},"end":{"line":4,"column":18}}},"fnMap":{"0":{"name":"(anonymous_0)","decl":{"start":{"line":1,"column":26},"end":{"line":1,"column":27}},"loc":{"start":{"line":1,"column":36},"end":{"line":5,"column":1}},"line":1}},"branchMap":{},"s":{"0":1,"1":1},"f":{"0":1},"b":{},"_coverageSchema":"1a1c01bbd47fc00a2c39e90264f33305004495a9","hash":"826385f447d811329c33934a1df72ba40431aef2"}
,"/Users/emre/Documents/covid-world/src/components/CountryDetail.jsx": {"path":"/Users/emre/Documents/covid-world/src/components/CountryDetail.jsx","statementMap":{"0":{"start":{"line":9,"column":24},"end":{"line":9,"column":35}},"1":{"start":{"line":10,"column":46},"end":{"line":10,"column":60}},"2":{"start":{"line":11,"column":32},"end":{"line":11,"column":47}},"3":{"start":{"line":12,"column":36},"end":{"line":12,"column":51}},"4":{"start":{"line":14,"column":2},"end":{"line":16,"column":9}},"5":{"start":{"line":15,"column":4},"end":{"line":15,"column":18}},"6":{"start":{"line":18,"column":22},"end":{"line":28,"column":3}},"7":{"start":{"line":19,"column":4},"end":{"line":19,"column":23}},"8":{"start":{"line":20,"column":21},"end":{"line":20,"column":58}},"9":{"start":{"line":21,"column":4},"end":{"line":21,"column":24}},"10":{"start":{"line":22,"column":20},"end":{"line":22,"column":55}},"11":{"start":{"line":23,"column":4},"end":{"line":26,"column":5}},"12":{"start":{"line":24,"column":6},"end":{"line":24,"column":23}},"13":{"start":{"line":25,"column":6},"end":{"line":25,"column":13}},"14":{"start":{"line":27,"column":4},"end":{"line":27,"column":32}},"15":{"start":{"line":30,"column":22},"end":{"line":31,"column":73}},"16":{"start":{"line":31,"column":4},"end":{"line":31,"column":73}},"17":{"start":{"line":33,"column":2},"end":{"line":38,"column":4}}},"fnMap":{"0":{"name":"CountryDetail","decl":{"start":{"line":8,"column":24},"end":{"line":8,"column":37}},"loc":{"start":{"line":8,"column":40},"end":{"line":39,"column":1}},"line":8},"1":{"name":"(anonymous_1)","decl":{"start":{"line":14,"column":12},"end":{"line":14,"column":13}},"loc":{"start":{"line":14,"column":18},"end":{"line":16,"column":3}},"line":14},"2":{"name":"(anonymous_2)","decl":{"start":{"line":18,"column":22},"end":{"line":18,"column":23}},"loc":{"start":{"line":18,"column":34},"end":{"line":28,"column":3}},"line":18},"3":{"name":"(anonymous_3)","decl":{"start":{"line":30,"column":22},"end":{"line":30,"column":23}},"loc":{"start":{"line":31,"column":4},"end":{"line":31,"column":73}},"line":31}},"branchMap":{"0":{"loc":{"start":{"line":23,"column":4},"end":{"line":26,"column":5}},"type":"if","locations":[{"start":{"line":23,"column":4},"end":{"line":26,"column":5}},{"start":{},"end":{}}],"line":23},"1":{"loc":{"start":{"line":31,"column":4},"end":{"line":31,"column":73}},"type":"cond-expr","locations":[{"start":{"line":31,"column":14},"end":{"line":31,"column":27}},{"start":{"line":31,"column":30},"end":{"line":31,"column":73}}],"line":31},"2":{"loc":{"start":{"line":35,"column":7},"end":{"line":35,"column":57}},"type":"binary-expr","locations":[{"start":{"line":35,"column":7},"end":{"line":35,"column":16}},{"start":{"line":35,"column":20},"end":{"line":35,"column":57}}],"line":35},"3":{"loc":{"start":{"line":36,"column":7},"end":{"line":36,"column":34}},"type":"binary-expr","locations":[{"start":{"line":36,"column":7},"end":{"line":36,"column":17}},{"start":{"line":36,"column":21},"end":{"line":36,"column":34}}],"line":36}},"s":{"0":0,"1":0,"2":0,"3":0,"4":0,"5":0,"6":0,"7":0,"8":0,"9":0,"10":0,"11":0,"12":0,"13":0,"14":0,"15":0,"16":0,"17":0},"f":{"0":0,"1":0,"2":0,"3":0},"b":{"0":[0,0],"1":[0,0],"2":[0,0],"3":[0,0]}}
,"/Users/emre/Documents/covid-world/src/components/CountryDetailCard.jsx": {"path":"/Users/emre/Documents/covid-world/src/components/CountryDetailCard.jsx","statementMap":{"0":{"start":{"line":21,"column":2},"end":{"line":23,"column":3}},"1":{"start":{"line":22,"column":4},"end":{"line":22,"column":16}},"2":{"start":{"line":24,"column":19},"end":{"line":24,"column":32}},"3":{"start":{"line":26,"column":55},"end":{"line":26,"column":69}},"4":{"start":{"line":28,"column":2},"end":{"line":69,"column":4}},"5":{"start":{"line":62,"column":25},"end":{"line":62,"column":38}}},"fnMap":{"0":{"name":"CountryDetailCard","decl":{"start":{"line":20,"column":24},"end":{"line":20,"column":41}},"loc":{"start":{"line":20,"column":48},"end":{"line":70,"column":1}},"line":20},"1":{"name":"(anonymous_1)","decl":{"start":{"line":62,"column":19},"end":{"line":62,"column":20}},"loc":{"start":{"line":62,"column":25},"end":{"line":62,"column":38}},"line":62}},"branchMap":{"0":{"loc":{"start":{"line":21,"column":2},"end":{"line":23,"column":3}},"type":"if","locations":[{"start":{"line":21,"column":2},"end":{"line":23,"column":3}},{"start":{},"end":{}}],"line":21}},"s":{"0":0,"1":0,"2":0,"3":0,"4":0,"5":0},"f":{"0":0,"1":0},"b":{"0":[0,0]}}
,"/Users/emre/Documents/covid-world/src/components/ErrorCard.jsx": {"path":"/Users/emre/Documents/covid-world/src/components/ErrorCard.jsx","statementMap":{"0":{"start":{"line":12,"column":19},"end":{"line":12,"column":32}},"1":{"start":{"line":13,"column":25},"end":{"line":15,"column":3}},"2":{"start":{"line":14,"column":4},"end":{"line":14,"column":18}},"3":{"start":{"line":16,"column":2},"end":{"line":39,"column":4}}},"fnMap":{"0":{"name":"ErrorCard","decl":{"start":{"line":11,"column":24},"end":{"line":11,"column":33}},"loc":{"start":{"line":11,"column":36},"end":{"line":40,"column":1}},"line":11},"1":{"name":"(anonymous_1)","decl":{"start":{"line":13,"column":25},"end":{"line":13,"column":26}},"loc":{"start":{"line":13,"column":31},"end":{"line":15,"column":3}},"line":13}},"branchMap":{},"s":{"0":1,"1":1,"2":1,"3":1},"f":{"0":1,"1":1},"b":{},"_coverageSchema":"1a1c01bbd47fc00a2c39e90264f33305004495a9","hash":"f714c64eee20403ad6cc17362b4a65e9791fc55f"}
,"/Users/emre/Documents/covid-world/src/components/WorldMap.jsx": {"path":"/Users/emre/Documents/covid-world/src/components/WorldMap.jsx","statementMap":{"0":{"start":{"line":15,"column":19},"end":{"line":17,"column":13}},"1":{"start":{"line":19,"column":19},"end":{"line":21,"column":32}},"2":{"start":{"line":24,"column":19},"end":{"line":24,"column":32}},"3":{"start":{"line":25,"column":19},"end":{"line":25,"column":32}},"4":{"start":{"line":27,"column":24},"end":{"line":29,"column":3}},"5":{"start":{"line":28,"column":15},"end":{"line":28,"column":49}},"6":{"start":{"line":31,"column":2},"end":{"line":33,"column":9}},"7":{"start":{"line":32,"column":4},"end":{"line":32,"column":52}},"8":{"start":{"line":35,"column":30},"end":{"line":38,"column":3}},"9":{"start":{"line":36,"column":4},"end":{"line":36,"column":28}},"10":{"start":{"line":37,"column":4},"end":{"line":37,"column":40}},"11":{"start":{"line":40,"column":2},"end":{"line":82,"column":4}},"12":{"start":{"line":51,"column":14},"end":{"line":75,"column":16}},"13":{"start":{"line":53,"column":16},"end":{"line":74,"column":18}},"14":{"start":{"line":54,"column":33},"end":{"line":54,"column":57}}},"fnMap":{"0":{"name":"WorldMap","decl":{"start":{"line":23,"column":24},"end":{"line":23,"column":32}},"loc":{"start":{"line":23,"column":35},"end":{"line":83,"column":1}},"line":23},"1":{"name":"(anonymous_1)","decl":{"start":{"line":28,"column":4},"end":{"line":28,"column":5}},"loc":{"start":{"line":28,"column":15},"end":{"line":28,"column":49}},"line":28},"2":{"name":"(anonymous_2)","decl":{"start":{"line":31,"column":12},"end":{"line":31,"column":13}},"loc":{"start":{"line":31,"column":18},"end":{"line":33,"column":3}},"line":31},"3":{"name":"(anonymous_3)","decl":{"start":{"line":35,"column":30},"end":{"line":35,"column":31}},"loc":{"start":{"line":35,"column":39},"end":{"line":38,"column":3}},"line":35},"4":{"name":"(anonymous_4)","decl":{"start":{"line":50,"column":13},"end":{"line":50,"column":14}},"loc":{"start":{"line":51,"column":14},"end":{"line":75,"column":16}},"line":51},"5":{"name":"(anonymous_5)","decl":{"start":{"line":52,"column":30},"end":{"line":52,"column":31}},"loc":{"start":{"line":53,"column":16},"end":{"line":74,"column":18}},"line":53},"6":{"name":"(anonymous_6)","decl":{"start":{"line":54,"column":27},"end":{"line":54,"column":28}},"loc":{"start":{"line":54,"column":33},"end":{"line":54,"column":57}},"line":54}},"branchMap":{"0":{"loc":{"start":{"line":51,"column":14},"end":{"line":75,"column":16}},"type":"binary-expr","locations":[{"start":{"line":51,"column":14},"end":{"line":51,"column":27}},{"start":{"line":52,"column":14},"end":{"line":75,"column":16}}],"line":51},"1":{"loc":{"start":{"line":57,"column":20},"end":{"line":58,"column":29}},"type":"binary-expr","locations":[{"start":{"line":57,"column":20},"end":{"line":57,"column":74}},{"start":{"line":58,"column":20},"end":{"line":58,"column":29}}],"line":57}},"s":{"0":0,"1":0,"2":0,"3":0,"4":0,"5":0,"6":0,"7":0,"8":0,"9":0,"10":0,"11":0,"12":0,"13":0,"14":0},"f":{"0":0,"1":0,"2":0,"3":0,"4":0,"5":0,"6":0},"b":{"0":[0,0],"1":[0,0]}}
,"/Users/emre/Documents/covid-world/src/saga/saga.js": {"path":"/Users/emre/Documents/covid-world/src/saga/saga.js","statementMap":{"0":{"start":{"line":6,"column":2},"end":{"line":11,"column":3}},"1":{"start":{"line":7,"column":22},"end":{"line":7,"column":54}},"2":{"start":{"line":8,"column":4},"end":{"line":8,"column":45}},"3":{"start":{"line":10,"column":4},"end":{"line":10,"column":38}},"4":{"start":{"line":15,"column":2},"end":{"line":15,"column":63}}},"fnMap":{"0":{"name":"fetchCountries","decl":{"start":{"line":5,"column":10},"end":{"line":5,"column":24}},"loc":{"start":{"line":5,"column":27},"end":{"line":12,"column":1}},"line":5},"1":{"name":"mySaga","decl":{"start":{"line":14,"column":10},"end":{"line":14,"column":16}},"loc":{"start":{"line":14,"column":19},"end":{"line":16,"column":1}},"line":14}},"branchMap":{},"s":{"0":0,"1":0,"2":0,"3":0,"4":0},"f":{"0":0,"1":0},"b":{}}
,"/Users/emre/Documents/covid-world/src/stores/countries.js": {"path":"/Users/emre/Documents/covid-world/src/stores/countries.js","statementMap":{"0":{"start":{"line":4,"column":21},"end":{"line":9,"column":1}},"1":{"start":{"line":11,"column":30},"end":{"line":19,"column":2}},"2":{"start":{"line":16,"column":6},"end":{"line":16,"column":61}},"3":{"start":{"line":21,"column":38},"end":{"line":21,"column":60}}},"fnMap":{"0":{"name":"(anonymous_0)","decl":{"start":{"line":15,"column":4},"end":{"line":15,"column":5}},"loc":{"start":{"line":15,"column":38},"end":{"line":17,"column":5}},"line":15}},"branchMap":{},"s":{"0":0,"1":0,"2":0,"3":0},"f":{"0":0},"b":{}}
,"/Users/emre/Documents/covid-world/src/stores/index.js": {"path":"/Users/emre/Documents/covid-world/src/stores/index.js","statementMap":{"0":{"start":{"line":6,"column":23},"end":{"line":6,"column":45}},"1":{"start":{"line":8,"column":14},"end":{"line":14,"column":2}},"2":{"start":{"line":13,"column":4},"end":{"line":13,"column":49}},"3":{"start":{"line":15,"column":0},"end":{"line":15,"column":27}}},"fnMap":{"0":{"name":"(anonymous_0)","decl":{"start":{"line":12,"column":14},"end":{"line":12,"column":15}},"loc":{"start":{"line":13,"column":4},"end":{"line":13,"column":49}},"line":13}},"branchMap":{},"s":{"0":0,"1":0,"2":0,"3":0},"f":{"0":0},"b":{}}
}
