TN:
SF:src/App.jsx
FN:4,App
FNF:1
FNH:0
FNDA:0,App
DA:5,0
LF:1
LH:0
BRF:0
BRH:0
end_of_record
TN:
SF:src/main.jsx
FNF:0
FNH:0
DA:10,0
DA:21,0
LF:2
LH:0
BRF:0
BRH:0
end_of_record
TN:
SF:src/services.js
FN:1,(anonymous_0)
FN:21,(anonymous_1)
FN:38,(anonymous_2)
FN:39,(anonymous_3)
FNF:4
FNH:0
FNDA:0,(anonymous_0)
FNDA:0,(anonymous_1)
FNDA:0,(anonymous_2)
FNDA:0,(anonymous_3)
DA:1,0
DA:2,0
DA:10,0
DA:15,0
DA:17,0
DA:18,0
DA:21,0
DA:22,0
DA:30,0
DA:35,0
DA:38,0
DA:39,0
DA:40,0
DA:41,0
DA:42,0
DA:44,0
DA:45,0
DA:46,0
DA:48,0
DA:50,0
LF:20
LH:0
BRDA:40,0,0,0
BRDA:40,0,1,0
BRF:2
BRH:0
end_of_record
TN:
SF:src/utils.js
FN:1,(anonymous_0)
FNF:1
FNH:1
FNDA:1,(anonymous_0)
DA:1,1
DA:2,1
LF:2
LH:2
BRF:0
BRH:0
end_of_record
TN:
SF:src/components/CountryDetail.jsx
FN:8,CountryDetail
FN:14,(anonymous_1)
FN:18,(anonymous_2)
FN:30,(anonymous_3)
FNF:4
FNH:0
FNDA:0,CountryDetail
FNDA:0,(anonymous_1)
FNDA:0,(anonymous_2)
FNDA:0,(anonymous_3)
DA:9,0
DA:10,0
DA:11,0
DA:12,0
DA:14,0
DA:15,0
DA:18,0
DA:19,0
DA:20,0
DA:21,0
DA:22,0
DA:23,0
DA:24,0
DA:25,0
DA:27,0
DA:30,0
DA:31,0
DA:33,0
LF:18
LH:0
BRDA:23,0,0,0
BRDA:23,0,1,0
BRDA:31,1,0,0
BRDA:31,1,1,0
BRDA:35,2,0,0
BRDA:35,2,1,0
BRDA:36,3,0,0
BRDA:36,3,1,0
BRF:8
BRH:0
end_of_record
TN:
SF:src/components/CountryDetailCard.jsx
FN:20,CountryDetailCard
FN:62,(anonymous_1)
FNF:2
FNH:0
FNDA:0,CountryDetailCard
FNDA:0,(anonymous_1)
DA:21,0
DA:22,0
DA:24,0
DA:26,0
DA:28,0
DA:62,0
LF:6
LH:0
BRDA:21,0,0,0
BRDA:21,0,1,0
BRF:2
BRH:0
end_of_record
TN:
SF:src/components/ErrorCard.jsx
FN:11,ErrorCard
FN:13,(anonymous_1)
FNF:2
FNH:2
FNDA:1,ErrorCard
FNDA:1,(anonymous_1)
DA:12,1
DA:13,1
DA:14,1
DA:16,1
LF:4
LH:4
BRF:0
BRH:0
end_of_record
TN:
SF:src/components/WorldMap.jsx
FN:23,WorldMap
FN:28,(anonymous_1)
FN:31,(anonymous_2)
FN:35,(anonymous_3)
FN:50,(anonymous_4)
FN:52,(anonymous_5)
FN:54,(anonymous_6)
FNF:7
FNH:0
FNDA:0,WorldMap
FNDA:0,(anonymous_1)
FNDA:0,(anonymous_2)
FNDA:0,(anonymous_3)
FNDA:0,(anonymous_4)
FNDA:0,(anonymous_5)
FNDA:0,(anonymous_6)
DA:15,0
DA:19,0
DA:24,0
DA:25,0
DA:27,0
DA:28,0
DA:31,0
DA:32,0
DA:35,0
DA:36,0
DA:37,0
DA:40,0
DA:51,0
DA:53,0
DA:54,0
LF:15
LH:0
BRDA:51,0,0,0
BRDA:51,0,1,0
BRDA:57,1,0,0
BRDA:57,1,1,0
BRF:4
BRH:0
end_of_record
TN:
SF:src/saga/saga.js
FN:5,fetchCountries
FN:14,mySaga
FNF:2
FNH:0
FNDA:0,fetchCountries
FNDA:0,mySaga
DA:6,0
DA:7,0
DA:8,0
DA:10,0
DA:15,0
LF:5
LH:0
BRF:0
BRH:0
end_of_record
TN:
SF:src/stores/countries.js
FN:15,(anonymous_0)
FNF:1
FNH:0
FNDA:0,(anonymous_0)
DA:4,0
DA:11,0
DA:16,0
DA:21,0
LF:4
LH:0
BRF:0
BRH:0
end_of_record
TN:
SF:src/stores/index.js
FN:12,(anonymous_0)
FNF:1
FNH:0
FNDA:0,(anonymous_0)
DA:6,0
DA:8,0
DA:13,0
DA:15,0
LF:4
LH:0
BRF:0
BRH:0
end_of_record
